[Licensing::Module] Trying to connect to existing licensing client channel...
[Licensing::IpcConnector] Successfully connected to: "LicenseClient-ydbil" at "2026-05-18T11:51:17.5766594Z"
Built from '6000.3/respin/6000.3.6f1-732c1ec89f18' branch; Version is '6000.3.6f1 (bbb010bdb8a3) revision 12300304'; Using compiler version '194234433'; Build Type 'Release'
OS: 'Windows 11  (10.0.26200) Professional' Language: 'tr' Physical Memory: 31849 MB
BatchMode: 1, IsHumanControllingUs: 0, StartBugReporterOnCrash: 0, Is64bit: 1
System  architecture: x64
Process architecture: x64
Date: 2026-05-18T11:51:17Z

COMMAND LINE ARGUMENTS:
C:\Program Files\Unity\Hub\Editor\6000.3.6f1\Editor\Unity.exe
-batchmode
-nographics
-quit
-projectPath
F:\Antigravity Projeler\2d roguelite\RIMA
-executeMethod
RIMA.MapDesigner.Editor.Blueprint.RimaV15gMinimalComposer.Build
-logFile
F:\Antigravity Projeler\2d roguelite\RIMA\STAGING\v15g_compose_unity.log
Successfully changed project path to: F:\Antigravity Projeler\2d roguelite\RIMA
F:/Antigravity Projeler/2d roguelite/RIMA
Exiting without the bug reporter. Application will terminate with return code 1