[Licensing::Module] Trying to connect to existing licensing client channel...
Built from '6000.3/respin/6000.3.6f1-732c1ec89f18' branch; Version is '6000.3.6f1 (bbb010bdb8a3) revision 12300304'; Using compiler version '194234433'; Build Type 'Release'
OS: 'Windows 11  (10.0.26200) Professional' Language: 'tr' Physical Memory: 31849 MB
BatchMode: 1, IsHumanControllingUs: 0, StartBugReporterOnCrash: 0, Is64bit: 1
System  architecture: x64
Process architecture: x64
Date: 2026-05-18T12:04:00Z
[Licensing::IpcConnector] Successfully connected to: "LicenseClient-ydbil" at "2026-05-18T12:04:00.80507Z"

COMMAND LINE ARGUMENTS:
C:\Program Files\Unity\Hub\Editor\6000.3.6f1\Editor\Unity.exe
-projectPath
F:\Antigravity Projeler\2d roguelite\RIMA
-batchmode
-quit
-runTests
-testPlatform
EditMode
-testResults
F:\Antigravity Projeler\2d roguelite\RIMA\TestResults\asset_browser_adjacency_editmode.xml
-logFile
F:\Antigravity Projeler\2d roguelite\RIMA\STAGING\asset_browser_adjacency_editmode_unity.log
Successfully changed project path to: F:\Antigravity Projeler\2d roguelite\RIMA
F:/Antigravity Projeler/2d roguelite/RIMA
Exiting without the bug reporter. Application will terminate with return code 1